Started GET "/contacts/new" for 127.0.0.1 at 2018-10-27 00:48:56 +0200
  [1m[35m (0.7ms)[0m  [1m[34mSELECT "schema_migrations"."version" FROM "schema_migrations" ORDER BY "schema_migrations"."version" ASC[0m
  ↳ /home/ashraf/.rbenv/versions/2.4.4/lib/ruby/gems/2.4.0/gems/activerecord-5.2.0/lib/active_record/log_subscriber.rb:98
Processing by ContactsController#new as HTML
  [1m[36mUser Load (0.6ms)[0m  [1m[34mSELECT  "users".* FROM "users" WHERE "users"."id" = $1 ORDER BY "users"."id" ASC LIMIT $2[0m  [["id", 3], ["LIMIT", 1]]
  ↳ /home/ashraf/.rbenv/versions/2.4.4/lib/ruby/gems/2.4.0/gems/activerecord-5.2.0/lib/active_record/log_subscriber.rb:98
  Rendering contacts/new.html.erb within layouts/application
  [1m[36mLocation Load (0.5ms)[0m  [1m[34mSELECT "locations".* FROM "locations" INNER JOIN "milestones" ON "locations"."id" = "milestones"."location_id" INNER JOIN "contacts" ON "milestones"."contact_id" = "contacts"."id" WHERE "contacts"."user_id" = $1[0m  [["user_id", 3]]
  ↳ app/views/contacts/_form.html.erb:28
  [1m[36mTag Load (0.7ms)[0m  [1m[34mSELECT "tags".* FROM "tags" INNER JOIN "subjects" ON "tags"."id" = "subjects"."tag_id" INNER JOIN "milestones" ON "subjects"."milestone_id" = "milestones"."id" INNER JOIN "contacts" ON "milestones"."contact_id" = "contacts"."id" WHERE "contacts"."user_id" = $1[0m  [["user_id", 3]]
  ↳ app/views/contacts/_form.html.erb:69
  Rendered contacts/_form.html.erb (444.9ms)
  Rendered contacts/new.html.erb within layouts/application (446.4ms)
  Rendered shared/_navbar.html.erb (1.9ms)
  Rendered shared/_flashes.html.erb (0.3ms)
[Webpacker] Compiling…
[Webpacker] Compiled all packs in /home/ashraf/code/ashrafuthman/forgetmenott/public/packs
Completed 200 OK in 7961ms (Views: 7882.2ms | ActiveRecord: 15.7ms)


Started DELETE "/users/sign_out" for 127.0.0.1 at 2018-10-27 00:49:17 +0200
Processing by Devise::SessionsController#destroy as HTML
  Parameters: {"authenticity_token"=>"/HYhlKun6JjD6MrdFtOyFhPIP5UQJvvqzJgzmGkbj829/Vsxk1VxH3Q5HOSCmuvYyqG2Pc4CBHgHAnkj5DnFfA=="}
  [1m[36mUser Load (0.4ms)[0m  [1m[34mSELECT  "users".* FROM "users" WHERE "users"."id" = $1 ORDER BY "users"."id" ASC LIMIT $2[0m  [["id", 3], ["LIMIT", 1]]
  ↳ /home/ashraf/.rbenv/versions/2.4.4/lib/ruby/gems/2.4.0/gems/activerecord-5.2.0/lib/active_record/log_subscriber.rb:98
  [1m[35m (0.1ms)[0m  [1m[35mBEGIN[0m
  ↳ /home/ashraf/.rbenv/versions/2.4.4/lib/ruby/gems/2.4.0/gems/activerecord-5.2.0/lib/active_record/log_subscriber.rb:98
  [1m[35m (0.1ms)[0m  [1m[35mCOMMIT[0m
  ↳ /home/ashraf/.rbenv/versions/2.4.4/lib/ruby/gems/2.4.0/gems/activerecord-5.2.0/lib/active_record/log_subscriber.rb:98
Redirected to http://localhost:3000/
Completed 302 Found in 6ms (ActiveRecord: 0.6ms)


Started GET "/" for 127.0.0.1 at 2018-10-27 00:49:17 +0200
Processing by PagesController#home as HTML
  [1m[36mMilestone Load (0.3ms)[0m  [1m[34mSELECT "milestones".* FROM "milestones"[0m
  ↳ app/controllers/pages_controller.rb:45
  Rendering pages/home.html.erb within layouts/application
  Rendered shared/_banner.html.erb (4.0ms)
  Rendered shared/_search_home.html.erb (4.1ms)
  Rendered pages/home.html.erb within layouts/application (9.5ms)
  Rendered shared/_flashes.html.erb (0.4ms)
Completed 200 OK in 27ms (Views: 24.2ms | ActiveRecord: 0.3ms)


Started GET "/users/sign_in" for 127.0.0.1 at 2018-10-27 00:49:20 +0200
Processing by Devise::SessionsController#new as HTML
  Parameters: {"authenticity_token"=>"gkJ2+NtzPWrXfAfFOZ6qB+HyvyK/jlbfK7bTsWfkUVkabSXzaZUI7YeiWrqWkYRy6DjelErSgJwm5GkSydhCOg=="}
  Rendering devise/sessions/new.html.erb within layouts/application
  Rendered devise/shared/_links.html.erb (0.9ms)
  Rendered devise/sessions/new.html.erb within layouts/application (10.8ms)
  Rendered shared/_navbar.html.erb (1.7ms)
  Rendered shared/_flashes.html.erb (0.4ms)
Completed 200 OK in 33ms (Views: 30.2ms | ActiveRecord: 0.0ms)


  
ActionController::RoutingError (No route matches [GET] "/assets/transparent"):
  
actionpack (5.2.0) lib/action_dispatch/middleware/debug_exceptions.rb:65:in `call'
web-console (3.6.2) lib/web_console/middleware.rb:135:in `call_app'
web-console (3.6.2) lib/web_console/middleware.rb:30:in `block in call'
web-console (3.6.2) lib/web_console/middleware.rb:20:in `catch'
web-console (3.6.2) lib/web_console/middleware.rb:20:in `call'
actionpack (5.2.0) lib/action_dispatch/middleware/show_exceptions.rb:33:in `call'
railties (5.2.0) lib/rails/rack/logger.rb:38:in `call_app'
railties (5.2.0) lib/rails/rack/logger.rb:26:in `block in call'
activesupport (5.2.0) lib/active_support/tagged_logging.rb:71:in `block in tagged'
activesupport (5.2.0) lib/active_support/tagged_logging.rb:28:in `tagged'
activesupport (5.2.0) lib/active_support/tagged_logging.rb:71:in `tagged'
railties (5.2.0) lib/rails/rack/logger.rb:26:in `call'
sprockets-rails (3.2.1) lib/sprockets/rails/quiet_assets.rb:11:in `block in call'
activesupport (5.2.0) lib/active_support/logger_silence.rb:21:in `silence'
activesupport (5.2.0) lib/active_support/logger.rb:65:in `block (3 levels) in broadcast'
activesupport (5.2.0) lib/active_support/logger_silence.rb:21:in `silence'
activesupport (5.2.0) lib/active_support/logger.rb:63:in `block (2 levels) in broadcast'
sprockets-rails (3.2.1) lib/sprockets/rails/quiet_assets.rb:11:in `call'
actionpack (5.2.0) lib/action_dispatch/middleware/remote_ip.rb:81:in `call'
actionpack (5.2.0) lib/action_dispatch/middleware/request_id.rb:27:in `call'
rack (2.0.5) lib/rack/method_override.rb:22:in `call'
rack (2.0.5) lib/rack/runtime.rb:22:in `call'
activesupport (5.2.0) lib/active_support/cache/strategy/local_cache_middleware.rb:29:in `call'
actionpack (5.2.0) lib/action_dispatch/middleware/executor.rb:14:in `call'
actionpack (5.2.0) lib/action_dispatch/middleware/static.rb:127:in `call'
rack (2.0.5) lib/rack/sendfile.rb:111:in `call'
webpacker (3.5.3) lib/webpacker/dev_server_proxy.rb:22:in `perform_request'
rack-proxy (0.6.4) lib/rack/proxy.rb:57:in `call'
railties (5.2.0) lib/rails/engine.rb:524:in `call'
puma (3.11.4) lib/puma/configuration.rb:225:in `call'
puma (3.11.4) lib/puma/server.rb:632:in `handle_request'
puma (3.11.4) lib/puma/server.rb:446:in `process_client'
puma (3.11.4) lib/puma/server.rb:306:in `block in run'
puma (3.11.4) lib/puma/thread_pool.rb:120:in `block in spawn_thread'
Started GET "/users/sign_up" for 127.0.0.1 at 2018-10-27 00:49:27 +0200
Processing by Devise::RegistrationsController#new as HTML
  Rendering devise/registrations/new.html.erb within layouts/application
  Rendered devise/shared/_links.html.erb (0.9ms)
  Rendered devise/registrations/new.html.erb within layouts/application (8.1ms)
  Rendered shared/_navbar.html.erb (2.4ms)
  Rendered shared/_flashes.html.erb (0.4ms)
Completed 200 OK in 31ms (Views: 29.5ms | ActiveRecord: 0.0ms)


  
ActionController::RoutingError (No route matches [GET] "/assets/transparent"):
  
actionpack (5.2.0) lib/action_dispatch/middleware/debug_exceptions.rb:65:in `call'
web-console (3.6.2) lib/web_console/middleware.rb:135:in `call_app'
web-console (3.6.2) lib/web_console/middleware.rb:30:in `block in call'
web-console (3.6.2) lib/web_console/middleware.rb:20:in `catch'
web-console (3.6.2) lib/web_console/middleware.rb:20:in `call'
actionpack (5.2.0) lib/action_dispatch/middleware/show_exceptions.rb:33:in `call'
railties (5.2.0) lib/rails/rack/logger.rb:38:in `call_app'
railties (5.2.0) lib/rails/rack/logger.rb:26:in `block in call'
activesupport (5.2.0) lib/active_support/tagged_logging.rb:71:in `block in tagged'
activesupport (5.2.0) lib/active_support/tagged_logging.rb:28:in `tagged'
activesupport (5.2.0) lib/active_support/tagged_logging.rb:71:in `tagged'
railties (5.2.0) lib/rails/rack/logger.rb:26:in `call'
sprockets-rails (3.2.1) lib/sprockets/rails/quiet_assets.rb:11:in `block in call'
activesupport (5.2.0) lib/active_support/logger_silence.rb:21:in `silence'
activesupport (5.2.0) lib/active_support/logger.rb:65:in `block (3 levels) in broadcast'
activesupport (5.2.0) lib/active_support/logger_silence.rb:21:in `silence'
activesupport (5.2.0) lib/active_support/logger.rb:63:in `block (2 levels) in broadcast'
sprockets-rails (3.2.1) lib/sprockets/rails/quiet_assets.rb:11:in `call'
actionpack (5.2.0) lib/action_dispatch/middleware/remote_ip.rb:81:in `call'
actionpack (5.2.0) lib/action_dispatch/middleware/request_id.rb:27:in `call'
rack (2.0.5) lib/rack/method_override.rb:22:in `call'
rack (2.0.5) lib/rack/runtime.rb:22:in `call'
activesupport (5.2.0) lib/active_support/cache/strategy/local_cache_middleware.rb:29:in `call'
actionpack (5.2.0) lib/action_dispatch/middleware/executor.rb:14:in `call'
actionpack (5.2.0) lib/action_dispatch/middleware/static.rb:127:in `call'
rack (2.0.5) lib/rack/sendfile.rb:111:in `call'
webpacker (3.5.3) lib/webpacker/dev_server_proxy.rb:22:in `perform_request'
rack-proxy (0.6.4) lib/rack/proxy.rb:57:in `call'
railties (5.2.0) lib/rails/engine.rb:524:in `call'
puma (3.11.4) lib/puma/configuration.rb:225:in `call'
puma (3.11.4) lib/puma/server.rb:632:in `handle_request'
puma (3.11.4) lib/puma/server.rb:446:in `process_client'
puma (3.11.4) lib/puma/server.rb:306:in `block in run'
puma (3.11.4) lib/puma/thread_pool.rb:120:in `block in spawn_thread'
Started GET "/users/sign_in" for 127.0.0.1 at 2018-10-27 00:49:30 +0200
Processing by Devise::SessionsController#new as HTML
  Rendering devise/sessions/new.html.erb within layouts/application
  Rendered devise/shared/_links.html.erb (0.8ms)
  Rendered devise/sessions/new.html.erb within layouts/application (10.0ms)
  Rendered shared/_navbar.html.erb (1.9ms)
  Rendered shared/_flashes.html.erb (0.3ms)
Completed 200 OK in 31ms (Views: 30.1ms | ActiveRecord: 0.0ms)


  
ActionController::RoutingError (No route matches [GET] "/assets/transparent"):
  
actionpack (5.2.0) lib/action_dispatch/middleware/debug_exceptions.rb:65:in `call'
web-console (3.6.2) lib/web_console/middleware.rb:135:in `call_app'
web-console (3.6.2) lib/web_console/middleware.rb:30:in `block in call'
web-console (3.6.2) lib/web_console/middleware.rb:20:in `catch'
web-console (3.6.2) lib/web_console/middleware.rb:20:in `call'
actionpack (5.2.0) lib/action_dispatch/middleware/show_exceptions.rb:33:in `call'
railties (5.2.0) lib/rails/rack/logger.rb:38:in `call_app'
railties (5.2.0) lib/rails/rack/logger.rb:26:in `block in call'
activesupport (5.2.0) lib/active_support/tagged_logging.rb:71:in `block in tagged'
activesupport (5.2.0) lib/active_support/tagged_logging.rb:28:in `tagged'
activesupport (5.2.0) lib/active_support/tagged_logging.rb:71:in `tagged'
railties (5.2.0) lib/rails/rack/logger.rb:26:in `call'
sprockets-rails (3.2.1) lib/sprockets/rails/quiet_assets.rb:11:in `block in call'
activesupport (5.2.0) lib/active_support/logger_silence.rb:21:in `silence'
activesupport (5.2.0) lib/active_support/logger.rb:65:in `block (3 levels) in broadcast'
activesupport (5.2.0) lib/active_support/logger_silence.rb:21:in `silence'
activesupport (5.2.0) lib/active_support/logger.rb:63:in `block (2 levels) in broadcast'
sprockets-rails (3.2.1) lib/sprockets/rails/quiet_assets.rb:11:in `call'
actionpack (5.2.0) lib/action_dispatch/middleware/remote_ip.rb:81:in `call'
actionpack (5.2.0) lib/action_dispatch/middleware/request_id.rb:27:in `call'
rack (2.0.5) lib/rack/method_override.rb:22:in `call'
rack (2.0.5) lib/rack/runtime.rb:22:in `call'
activesupport (5.2.0) lib/active_support/cache/strategy/local_cache_middleware.rb:29:in `call'
actionpack (5.2.0) lib/action_dispatch/middleware/executor.rb:14:in `call'
actionpack (5.2.0) lib/action_dispatch/middleware/static.rb:127:in `call'
rack (2.0.5) lib/rack/sendfile.rb:111:in `call'
webpacker (3.5.3) lib/webpacker/dev_server_proxy.rb:22:in `perform_request'
rack-proxy (0.6.4) lib/rack/proxy.rb:57:in `call'
railties (5.2.0) lib/rails/engine.rb:524:in `call'
puma (3.11.4) lib/puma/configuration.rb:225:in `call'
puma (3.11.4) lib/puma/server.rb:632:in `handle_request'
puma (3.11.4) lib/puma/server.rb:446:in `process_client'
puma (3.11.4) lib/puma/server.rb:306:in `block in run'
puma (3.11.4) lib/puma/thread_pool.rb:120:in `block in spawn_thread'
Started GET "/users/password/new" for 127.0.0.1 at 2018-10-27 00:49:33 +0200
Processing by Devise::PasswordsController#new as HTML
  Rendering devise/passwords/new.html.erb within layouts/application
  Rendered devise/shared/_links.html.erb (0.9ms)
  Rendered devise/passwords/new.html.erb within layouts/application (5.4ms)
  Rendered shared/_navbar.html.erb (1.8ms)
  Rendered shared/_flashes.html.erb (0.3ms)
Completed 200 OK in 33ms (Views: 31.1ms | ActiveRecord: 0.0ms)


